<?xml version="1.0" encoding="UTF-8"?>
<!-- Generated by org.testng.reporters.JUnitReportReporter -->
<testsuite hostname="PROBOOK" failures="0" tests="11" name="myTestCase" time="28.032" errors="0" timestamp="2024-06-23T22:08:20 EET" skipped="6">
  <testcase classname="myTestCase" name="ChangeTheLanguageOfTheWebSiteRandomly" time="0.622"/>
  <system-out/>
  <testcase classname="myTestCase" name="HotelSelection" time="0.271"/>
  <system-out/>
  <testcase classname="myTestCase" name="SelectNumberOfPeople" time="4.558"/>
  <system-out/>
  <testcase classname="myTestCase" name="CheckThePageIsFullyLoaded" time="19.893"/>
  <system-out/>
  <testcase classname="myTestCase" name="sortItems" time="2.688"/>
  <system-out/>
  <testcase classname="myTestCase" name="checkthelangues">
    <skipped/>
  </testcase> <!-- checkthelangues -->
  <system-out/>
  <testcase classname="myTestCase" name="TestContactNumber">
    <skipped/>
  </testcase> <!-- TestContactNumber -->
  <system-out/>
  <testcase classname="myTestCase" name="CheckHotelTabIsNotSelected">
    <skipped/>
  </testcase> <!-- CheckHotelTabIsNotSelected -->
  <system-out/>
  <testcase classname="myTestCase" name="TestTheCurrencyIsSAR">
    <skipped/>
  </testcase> <!-- TestTheCurrencyIsSAR -->
  <system-out/>
  <testcase classname="myTestCase" name="CheckQitafLogoIfDisplayed">
    <skipped/>
  </testcase> <!-- CheckQitafLogoIfDisplayed -->
  <system-out/>
  <testcase classname="myTestCase" name="CheckDepatureAndReturnDate">
    <skipped/>
  </testcase> <!-- CheckDepatureAndReturnDate -->
  <system-out/>
</testsuite> <!-- myTestCase -->
