<?xml version="1.0" encoding="UTF-8"?>
<!-- Generated by org.testng.reporters.JUnitReportReporter -->
<testsuite hostname="PROBOOK" failures="0" tests="11" name="myTestCase" time="31.399" errors="0" timestamp="2024-06-28T19:42:39 EET" skipped="0">
  <testcase classname="myTestCase" name="CheckTheLanguage" time="0.038"/>
  <system-out/>
  <testcase classname="myTestCase" name="TestTheCurrencyIsSAR" time="0.044"/>
  <system-out/>
  <testcase classname="myTestCase" name="TestContactNumber" time="0.025"/>
  <system-out/>
  <testcase classname="myTestCase" name="VerifyQitafLogo" time="0.079"/>
  <system-out/>
  <testcase classname="myTestCase" name="CheckHotelTabIsNotSelected" time="0.027"/>
  <system-out/>
  <testcase classname="myTestCase" name="CheckDepartureAndReturnDate" time="0.042"/>
  <system-out/>
  <testcase classname="myTestCase" name="ChangeTheLanguageOfTheWebsiteRandomly" time="0.656"/>
  <system-out/>
  <testcase classname="myTestCase" name="HotelSelection" time="0.689"/>
  <system-out/>
  <testcase classname="myTestCase" name="SelectNumberOfPeople" time="3.684"/>
  <system-out/>
  <testcase classname="myTestCase" name="CheckThePageIsFullyLoaded" time="23.053"/>
  <system-out/>
  <testcase classname="myTestCase" name="sortItems" time="3.062"/>
  <system-out/>
</testsuite> <!-- myTestCase -->
